<?xml version="1.0" encoding="UTF-8"?>
<testsuite name="linter.AppTest" tests="1" skipped="0" failures="0" errors="0" timestamp="2021-09-30T19:32:21" hostname="LTUCSTUDENT-L08" time="0.044">
  <properties/>
  <testcase name="noErrorTester()" classname="linter.AppTest" time="0.044"/>
  <system-out><![CDATA[app\src\main\resources\empty.js
]]></system-out>
  <system-err><![CDATA[]]></system-err>
</testsuite>
